#Exp.ExpName  = calrose
#Exp.Ntest    =       72
#Exp.Npresent =        1
#Exp.Ntarget  =        2

#Sig.Board    = Das16
#Sig.SigType  = Eh-S1-Ev-S2
#Sig.Fsample  =      500
#Sig.Nsample  =     1000
#Sig.Nbuffer  =        1
#Sig.Nchannel =        4
#Sig.ExtTrig  =        0

Nr Mode    R   Phi    On     Off  Int Att Mode    R   Phi    On     Off  Int Att 
#1    0   0.0 300.0 -800.0  400.0  7    2    1   5.0 330.0  402.0 1300.0  7    2   
#2    0   0.0 300.0 -800.0  400.0  7    2    1   5.0   0.0  402.0 1300.0  7    2   
#3    0   0.0 300.0 -800.0  400.0  7    2    1   9.0  60.0  402.0 1300.0  7    2   
#4    0   0.0 300.0 -800.0  400.0  7    2    1  14.0  60.0  400.0 1300.0  7    2   
#5    0   0.0 300.0 -800.0  400.0  7    2    1  27.0  30.0  400.0 1300.0  7    2   
#6    0   0.0 300.0 -800.0  400.0  7    2    1  20.0 180.0  402.0 1300.0  7    2   
#7    0   0.0 300.0 -800.0  400.0  7    2    1   5.0 300.0  400.0 1300.0  7    2   
#8    0   0.0 300.0 -800.0  400.0  7    2    1  20.0 210.0  402.0 1300.0  7    2   
#9    0   0.0 300.0 -800.0  400.0  7    2    1  20.0 330.0  400.0 1300.0  7    2   
#10   0   0.0 300.0 -800.0  400.0  7    2    1  27.0 240.0  402.0 1300.0  7    2   
#11   0   0.0 300.0 -800.0  400.0  7    2    1  27.0 210.0  400.0 1300.0  7    2   
#12   0   0.0 300.0 -800.0  400.0  7    2    1   2.0  30.0  402.0 1300.0  7    2   
#13   0   0.0 300.0 -800.0  400.0  7    2    1  14.0 330.0  400.0 1300.0  7    2   
#14   0   0.0 300.0 -800.0  400.0  7    2    1  20.0 270.0  402.0 1300.0  7    2   
#15   0   0.0 300.0 -800.0  400.0  7    2    1   9.0 210.0  400.0 1300.0  7    2   
#16   0   0.0 300.0 -800.0  400.0  7    2    1   2.0 240.0  402.0 1300.0  7    2   
#17   0   0.0 300.0 -800.0  400.0  7    2    1  14.0  30.0  402.0 1300.0  7    2   
#18   0   0.0 300.0 -800.0  400.0  7    2    1  14.0 240.0  402.0 1300.0  7    2   
#19   0   0.0 300.0 -800.0  400.0  7    2    1  14.0 150.0  400.0 1300.0  7    2   
#20   0   0.0 300.0 -800.0  400.0  7    2    1   9.0   0.0  402.0 1300.0  7    2   
#21   0   0.0 300.0 -800.0  400.0  7    2    1   2.0 210.0  400.0 1300.0  7    2   
#22   0   0.0 300.0 -800.0  400.0  7    2    1   2.0  60.0  402.0 1300.0  7    2   
#23   0   0.0 300.0 -800.0  400.0  7    2    1   9.0 270.0  402.0 1300.0  7    2   
#24   0   0.0 300.0 -800.0  400.0  7    2    1   9.0 180.0  402.0 1300.0  7    2   
#25   0   0.0 300.0 -800.0  400.0  7    2    1  20.0 300.0  402.0 1300.0  7    2   
#26   0   0.0 300.0 -800.0  400.0  7    2    1   2.0   0.0  402.0 1300.0  7    2   
#27   0   0.0 300.0 -800.0  400.0  7    2    1  27.0  90.0  400.0 1300.0  7    2   
#28   0   0.0 300.0 -800.0  400.0  7    2    1   5.0 270.0  402.0 1300.0  7    2   
#29   0   0.0 300.0 -800.0  400.0  7    2    1   2.0 300.0  400.0 1300.0  7    2   
#30   0   0.0 300.0 -800.0  400.0  7    2    1   2.0 330.0  402.0 1300.0  7    2   
#31   0   0.0 300.0 -800.0  400.0  7    2    1   2.0 270.0  400.0 1300.0  7    2   
#32   0   0.0 300.0 -800.0  400.0  7    2    1  20.0 240.0  400.0 1300.0  7    2   
#33   0   0.0 300.0 -800.0  400.0  7    2    1   5.0 180.0  402.0 1300.0  7    2   
#34   0   0.0 300.0 -800.0  400.0  7    2    1  14.0 180.0  402.0 1300.0  7    2   
#35   0   0.0 300.0 -800.0  400.0  7    2    1   9.0 300.0  400.0 1300.0  7    2   
#36   0   0.0 300.0 -800.0  400.0  7    2    1  27.0 300.0  400.0 1300.0  7    2   
#37   0   0.0 300.0 -800.0  400.0  7    2    1  27.0  60.0  400.0 1300.0  7    2   
#38   0   0.0 300.0 -800.0  400.0  7    2    1  14.0 120.0  402.0 1300.0  7    2   
#39   0   0.0 300.0 -800.0  400.0  7    2    1   5.0 210.0  402.0 1300.0  7    2   
#40   0   0.0 300.0 -800.0  400.0  7    2    1  27.0   0.0  400.0 1300.0  7    2   
#41   0   0.0 300.0 -800.0  400.0  7    2    1   5.0 150.0  402.0 1300.0  7    2   
#42   0   0.0 300.0 -800.0  400.0  7    2    1  14.0 210.0  400.0 1300.0  7    2   
#43   0   0.0 300.0 -800.0  400.0  7    2    1   9.0 330.0  400.0 1300.0  7    2   
#44   0   0.0 300.0 -800.0  400.0  7    2    1  14.0  90.0  400.0 1300.0  7    2   
#45   0   0.0 300.0 -800.0  400.0  7    2    1  14.0 270.0  400.0 1300.0  7    2   
#46   0   0.0 300.0 -800.0  400.0  7    2    1   2.0 120.0  400.0 1300.0  7    2   
#47   0   0.0 300.0 -800.0  400.0  7    2    1  14.0   0.0  402.0 1300.0  7    2   
#48   0   0.0 300.0 -800.0  400.0  7    2    1  27.0 150.0  402.0 1300.0  7    2   
#49   0   0.0 300.0 -800.0  400.0  7    2    1  14.0 300.0  400.0 1300.0  7    2   
#50   0   0.0 300.0 -800.0  400.0  7    2    1   5.0 120.0  402.0 1300.0  7    2   
#51   0   0.0 300.0 -800.0  400.0  7    2    1  20.0  90.0  402.0 1300.0  7    2   
#52   0   0.0 300.0 -800.0  400.0  7    2    1  20.0   0.0  400.0 1300.0  7    2   
#53   0   0.0 300.0 -800.0  400.0  7    2    1  20.0  30.0  402.0 1300.0  7    2   
#54   0   0.0 300.0 -800.0  400.0  7    2    1   5.0  30.0  402.0 1300.0  7    2   
#55   0   0.0 300.0 -800.0  400.0  7    2    1  20.0  60.0  402.0 1300.0  7    2   
#56   0   0.0 300.0 -800.0  400.0  7    2    1  27.0 120.0  400.0 1300.0  7    2   
#57   0   0.0 300.0 -800.0  400.0  7    2    1  27.0 180.0  400.0 1300.0  7    2   
#58   0   0.0 300.0 -800.0  400.0  7    2    1   9.0 240.0  400.0 1300.0  7    2   
#59   0   0.0 300.0 -800.0  400.0  7    2    1  27.0 270.0  400.0 1300.0  7    2   
#60   0   0.0 300.0 -800.0  400.0  7    2    1   2.0 150.0  400.0 1300.0  7    2   
#61   0   0.0 300.0 -800.0  400.0  7    2    1   5.0  60.0  400.0 1300.0  7    2   
#62   0   0.0 300.0 -800.0  400.0  7    2    1   9.0  90.0  402.0 1300.0  7    2   
#63   0   0.0 300.0 -800.0  400.0  7    2    1   9.0 120.0  402.0 1300.0  7    2   
#64   0   0.0 300.0 -800.0  400.0  7    2    1   5.0 240.0  402.0 1300.0  7    2   
#65   0   0.0 300.0 -800.0  400.0  7    2    1   5.0  90.0  402.0 1300.0  7    2   
#66   0   0.0 300.0 -800.0  400.0  7    2    1   9.0  30.0  402.0 1300.0  7    2   
#67   0   0.0 300.0 -800.0  400.0  7    2    1  27.0 330.0  400.0 1300.0  7    2   
#68   0   0.0 300.0 -800.0  400.0  7    2    1  20.0 150.0  400.0 1300.0  7    2   
#69   0   0.0 300.0 -800.0  400.0  7    2    1   9.0 150.0  400.0 1300.0  7    2   
#70   0   0.0 300.0 -800.0  400.0  7    2    1   2.0 180.0  400.0 1300.0  7    2   
#71   0   0.0 300.0 -800.0  400.0  7    2    1   2.0  90.0  400.0 1300.0  7    2   
#72   0   0.0 300.0 -800.0  400.0  7    2    1  20.0 120.0  402.0 1300.0  7    2   
