#Exp.ExpName  = freqint.xp
#Exp.Ntest    =       78
#Exp.Npresent =        1
#Exp.Ntarget  =        2

#Sig.Board    = Das16
#Sig.SigType  = Eh-S1-Ev-S2
#Sig.Fsample  =      500
#Sig.Nsample  =     1250
#Sig.Nchannel =        4
#Sig.ExtTrig  =        0

Nr Mode    R   Phi    On     Off  Int Att Mode    R   Phi    On     Off  Int Att 
#1   1   0.0    0.0    0.0 1990.0   1     1    2   0.0    0.0  300.0  550.0   1 20159   
#2   1   0.0    0.0    0.0 1990.0   1     1    2   0.0    0.0  300.0  550.0   1 51587   
#3   1   0.0    0.0    0.0 1990.0   1     1    2   0.0    0.0  300.0  550.0   1 11314   
#4   1   0.0    0.0    0.0 1990.0   1     1    2   0.0    0.0  300.0  550.0   1 55040   
#5   1   0.0    0.0    0.0 1990.0   1     1    2   0.0    0.0  300.0  550.0   1   354   
#6   1   0.0    0.0    0.0 1990.0   1     1    2   0.0    0.0  300.0  550.0   1  5657   
#7   1   0.0    0.0    0.0 1990.0   1     1    2   0.0    0.0  300.0  550.0   1 52520   
#8   1   0.0    0.0    0.0 1990.0   1     1    2   0.0    0.0  300.0  550.0   1 50707   
#9   1   0.0    0.0    0.0 1990.0   1     1    2   0.0    0.0  300.0  550.0   1 61314   
#10  1   0.0    0.0    0.0 1990.0   1     1    2   0.0    0.0  300.0  550.0   1  6350   
#11  1   0.0    0.0    0.0 1990.0   1     1    2   0.0    0.0  300.0  550.0   1   500   
#12  1   0.0    0.0    0.0 1990.0   1     1    2   0.0    0.0  300.0  550.0   1 17959   
#13  1   0.0    0.0    0.0 1990.0   1     1    2   0.0    0.0  300.0  550.0   1 52828   
#14  1   0.0    0.0    0.0 1990.0   1     1    2   0.0    0.0  300.0  550.0   1  1000   
#15  1   0.0    0.0    0.0 1990.0   1     1    2   0.0    0.0  300.0  550.0   1 64254   
#16  1   0.0    0.0    0.0 1990.0   1     1    2   0.0    0.0  300.0  550.0   1 52245   
#17  1   0.0    0.0    0.0 1990.0   1     1    2   0.0    0.0  300.0  550.0   1 50354   
#18  1   0.0    0.0    0.0 1990.0   1     1    2   0.0    0.0  300.0  550.0   1 14254   
#19  1   0.0    0.0    0.0 1990.0   1     1    2   0.0    0.0  300.0  550.0   1  3175   
#20  1   0.0    0.0    0.0 1990.0   1     1    2   0.0    0.0  300.0  550.0   1  4000   
#21  1   0.0    0.0    0.0 1990.0   1     1    2   0.0    0.0  300.0  550.0   1 12699   
#22  1   0.0    0.0    0.0 1990.0   1     1    2   0.0    0.0  300.0  550.0   1 10079   
#23  1   0.0    0.0    0.0 1990.0   1     1    2   0.0    0.0  300.0  550.0   1  4490   
#24  1   0.0    0.0    0.0 1990.0   1     1    2   0.0    0.0  300.0  550.0   1  3564   
#25  1   0.0    0.0    0.0 1990.0   1     1    2   0.0    0.0  300.0  550.0   1 50250   
#26  1   0.0    0.0    0.0 1990.0   1     1    2   0.0    0.0  300.0  550.0   1   707   
#27  1   0.0    0.0    0.0 1990.0   1     1    2   0.0    0.0  300.0  550.0   1  1587   
#28  1   0.0    0.0    0.0 1990.0   1     1    2   0.0    0.0  300.0  550.0   1   250   
#29  1   0.0    0.0    0.0 1990.0   1     1    2   0.0    0.0  300.0  550.0   1   281   
#30  1   0.0    0.0    0.0 1990.0   1     1    2   0.0    0.0  300.0  550.0   1  1414   
#31  1   0.0    0.0    0.0 1990.0   1     1    2   0.0    0.0  300.0  550.0   1 60079   
#32  1   0.0    0.0    0.0 1990.0   1     1    2   0.0    0.0  300.0  550.0   1 50281   
#33  1   0.0    0.0    0.0 1990.0   1     1    2   0.0    0.0  300.0  550.0   1  1260   
#34  1   0.0    0.0    0.0 1990.0   1     1    2   0.0    0.0  300.0  550.0   1 52000   
#35  1   0.0    0.0    0.0 1990.0   1     1    2   0.0    0.0  300.0  550.0   1 54490   
#36  1   0.0    0.0    0.0 1990.0   1     1    2   0.0    0.0  300.0  550.0   1 50315   
#37  1   0.0    0.0    0.0 1990.0   1     1    2   0.0    0.0  300.0  550.0   1 54000   
#38  1   0.0    0.0    0.0 1990.0   1     1    2   0.0    0.0  300.0  550.0   1 66000   
#39  1   0.0    0.0    0.0 1990.0   1     1    2   0.0    0.0  300.0  550.0   1   891   
#40  1   0.0    0.0    0.0 1990.0   1     1    2   0.0    0.0  300.0  550.0   1 51122   
#41  1   0.0    0.0    0.0 1990.0   1     1    2   0.0    0.0  300.0  550.0   1 70159   
#42  1   0.0    0.0    0.0 1990.0   1     1    2   0.0    0.0  300.0  550.0   1  7127   
#43  1   0.0    0.0    0.0 1990.0   1     1    2   0.0    0.0  300.0  550.0   1  2000   
#44  1   0.0    0.0    0.0 1990.0   1     1    2   0.0    0.0  300.0  550.0   1  8000   
#45  1   0.0    0.0    0.0 1990.0   1     1    2   0.0    0.0  300.0  550.0   1   630   
#46  1   0.0    0.0    0.0 1990.0   1     1    2   0.0    0.0  300.0  550.0   1  1122   
#47  1   0.0    0.0    0.0 1990.0   1     1    2   0.0    0.0  300.0  550.0   1  5040   
#48  1   0.0    0.0    0.0 1990.0   1     1    2   0.0    0.0  300.0  550.0   1   794   
#49  1   0.0    0.0    0.0 1990.0   1     1    2   0.0    0.0  300.0  550.0   1 50794   
#50  1   0.0    0.0    0.0 1990.0   1     1    2   0.0    0.0  300.0  550.0   1 57127   
#51  1   0.0    0.0    0.0 1990.0   1     1    2   0.0    0.0  300.0  550.0   1 53175   
#52  1   0.0    0.0    0.0 1990.0   1     1    2   0.0    0.0  300.0  550.0   1 62699   
#53  1   0.0    0.0    0.0 1990.0   1     1    2   0.0    0.0  300.0  550.0   1 51782   
#54  1   0.0    0.0    0.0 1990.0   1     1    2   0.0    0.0  300.0  550.0   1 50445   
#55  1   0.0    0.0    0.0 1990.0   1     1    2   0.0    0.0  300.0  550.0   1 50891   
#56  1   0.0    0.0    0.0 1990.0   1     1    2   0.0    0.0  300.0  550.0   1 50397   
#57  1   0.0    0.0    0.0 1990.0   1     1    2   0.0    0.0  300.0  550.0   1 58980   
#58  1   0.0    0.0    0.0 1990.0   1     1    2   0.0    0.0  300.0  550.0   1 16000   
#59  1   0.0    0.0    0.0 1990.0   1     1    2   0.0    0.0  300.0  550.0   1 56350   
#60  1   0.0    0.0    0.0 1990.0   1     1    2   0.0    0.0  300.0  550.0   1 51000   
#61  1   0.0    0.0    0.0 1990.0   1     1    2   0.0    0.0  300.0  550.0   1  2828   
#62  1   0.0    0.0    0.0 1990.0   1     1    2   0.0    0.0  300.0  550.0   1  2520   
#63  1   0.0    0.0    0.0 1990.0   1     1    2   0.0    0.0  300.0  550.0   1 51260   
#64  1   0.0    0.0    0.0 1990.0   1     1    2   0.0    0.0  300.0  550.0   1 67959   
#65  1   0.0    0.0    0.0 1990.0   1     1    2   0.0    0.0  300.0  550.0   1   315   
#66  1   0.0    0.0    0.0 1990.0   1     1    2   0.0    0.0  300.0  550.0   1 50500   
#67  1   0.0    0.0    0.0 1990.0   1     1    2   0.0    0.0  300.0  550.0   1  2245   
#68  1   0.0    0.0    0.0 1990.0   1     1    2   0.0    0.0  300.0  550.0   1 50630   
#69  1   0.0    0.0    0.0 1990.0   1     1    2   0.0    0.0  300.0  550.0   1  8980   
#70  1   0.0    0.0    0.0 1990.0   1     1    2   0.0    0.0  300.0  550.0   1 50561   
#71  1   0.0    0.0    0.0 1990.0   1     1    2   0.0    0.0  300.0  550.0   1   397   
#72  1   0.0    0.0    0.0 1990.0   1     1    2   0.0    0.0  300.0  550.0   1 53564   
#73  1   0.0    0.0    0.0 1990.0   1     1    2   0.0    0.0  300.0  550.0   1  1782   
#74  1   0.0    0.0    0.0 1990.0   1     1    2   0.0    0.0  300.0  550.0   1   445   
#75  1   0.0    0.0    0.0 1990.0   1     1    2   0.0    0.0  300.0  550.0   1 58000   
#76  1   0.0    0.0    0.0 1990.0   1     1    2   0.0    0.0  300.0  550.0   1   561   
#77  1   0.0    0.0    0.0 1990.0   1     1    2   0.0    0.0  300.0  550.0   1 51414   
#78  1   0.0    0.0    0.0 1990.0   1     1    2   0.0    0.0  300.0  550.0   1 55657   
