#Exp.ExpName  = gwnlevel.xp
#Exp.Ntest    =       11
#Exp.Npresent =        2
#Exp.Ntarget  =        2

#Sig.Board    = Das16
#Sig.SigType  = Eh-S1-Ev-S2
#Sig.Fsample  =      500
#Sig.Nsample  =      500
#Sig.Nchannel =        4
#Sig.ExtTrig  =        0

Nr Mode    R   Phi    On     Off  Int Att Mode    R   Phi    On     Off  Int Att 
#1   1   0.0    0.0    0.0  990.0   1     1    2   0.0    0.0  250.0  750.0   1    58   
#2   1   0.0    0.0    0.0  990.0   1     1    2   0.0    0.0  250.0  750.0   1    59   
#3   1   0.0    0.0    0.0  990.0   1     1    2   0.0    0.0  250.0  750.0   1    55   
#4   1   0.0    0.0    0.0  990.0   1     1    2   0.0    0.0  250.0  750.0   1    59   
#5   1   0.0    0.0    0.0  990.0   1     1    2   0.0    0.0  250.0  750.0   1    54   
#6   1   0.0    0.0    0.0  990.0   1     1    2   0.0    0.0  250.0  750.0   1    61   
#7   1   0.0    0.0    0.0  990.0   1     1    2   0.0    0.0  250.0  750.0   1    57   
#8   1   0.0    0.0    0.0  990.0   1     1    2   0.0    0.0  250.0  750.0   1    52   
#9   1   0.0    0.0    0.0  990.0   1     1    2   0.0    0.0  250.0  750.0   1    51   
#10  1   0.0    0.0    0.0  990.0   1     1    2   0.0    0.0  250.0  750.0   1    58   
#11  1   0.0    0.0    0.0  990.0   1     1    2   0.0    0.0  250.0  750.0   1    52   
#12  1   0.0    0.0    0.0  990.0   1     1    2   0.0    0.0  250.0  750.0   1    51   
#13  1   0.0    0.0    0.0  990.0   1     1    2   0.0    0.0  250.0  750.0   1    55   
#14  1   0.0    0.0    0.0  990.0   1     1    2   0.0    0.0  250.0  750.0   1    61   
#15  1   0.0    0.0    0.0  990.0   1     1    2   0.0    0.0  250.0  750.0   1    53   
#16  1   0.0    0.0    0.0  990.0   1     1    2   0.0    0.0  250.0  750.0   1    53   
#17  1   0.0    0.0    0.0  990.0   1     1    2   0.0    0.0  250.0  750.0   1    60   
#18  1   0.0    0.0    0.0  990.0   1     1    2   0.0    0.0  250.0  750.0   1    56   
#19  1   0.0    0.0    0.0  990.0   1     1    2   0.0    0.0  250.0  750.0   1    56   
#20  1   0.0    0.0    0.0  990.0   1     1    2   0.0    0.0  250.0  750.0   1    60   
#21  1   0.0    0.0    0.0  990.0   1     1    2   0.0    0.0  250.0  750.0   1    54   
#22  1   0.0    0.0    0.0  990.0   1     1    2   0.0    0.0  250.0  750.0   1    57   
