#Exp.ExpName  = gwnfix.xp
#Exp.Ntest    =        9
#Exp.Npresent =       10
#Exp.Ntarget  =        2

#Sig.Board    = Das16
#Sig.SigType  = Eh-S1-Ev-S2
#Sig.Fsample  =      500
#Sig.Nsample  =      500
#Sig.Nchannel =        4
#Sig.ExtTrig  =        0

Nr Mode    R   Phi    On     Off  Int Att Mode    R   Phi    On     Off  Int Att 
#1   1   0.0    0.0    0.0  990.0   1     1    2   0.0    0.0  250.0  750.0   1    13   
#2   1   0.0    0.0    0.0  990.0   1     1    2   0.0    0.0  250.0  750.0   1    33   
#3   1   0.0    0.0    0.0  990.0   1     1    2   0.0    0.0  250.0  750.0   1    31   
#4   1   0.0    0.0    0.0  990.0   1     1    2   0.0    0.0  250.0  750.0   1    23   
#5   1   0.0    0.0    0.0  990.0   1     1    2   0.0    0.0  250.0  750.0   1    11   
#6   1   0.0    0.0    0.0  990.0   1     1    2   0.0    0.0  250.0  750.0   1    11   
#7   1   0.0    0.0    0.0  990.0   1     1    2   0.0    0.0  250.0  750.0   1    22   
#8   1   0.0    0.0    0.0  990.0   1     1    2   0.0    0.0  250.0  750.0   1    33   
#9   1   0.0    0.0    0.0  990.0   1     1    2   0.0    0.0  250.0  750.0   1    31   
#10  1   0.0    0.0    0.0  990.0   1     1    2   0.0    0.0  250.0  750.0   1    23   
#11  1   0.0    0.0    0.0  990.0   1     1    2   0.0    0.0  250.0  750.0   1    11   
#12  1   0.0    0.0    0.0  990.0   1     1    2   0.0    0.0  250.0  750.0   1    31   
#13  1   0.0    0.0    0.0  990.0   1     1    2   0.0    0.0  250.0  750.0   1    11   
#14  1   0.0    0.0    0.0  990.0   1     1    2   0.0    0.0  250.0  750.0   1    12   
#15  1   0.0    0.0    0.0  990.0   1     1    2   0.0    0.0  250.0  750.0   1    33   
#16  1   0.0    0.0    0.0  990.0   1     1    2   0.0    0.0  250.0  750.0   1    32   
#17  1   0.0    0.0    0.0  990.0   1     1    2   0.0    0.0  250.0  750.0   1    21   
#18  1   0.0    0.0    0.0  990.0   1     1    2   0.0    0.0  250.0  750.0   1    33   
#19  1   0.0    0.0    0.0  990.0   1     1    2   0.0    0.0  250.0  750.0   1    32   
#20  1   0.0    0.0    0.0  990.0   1     1    2   0.0    0.0  250.0  750.0   1    32   
#21  1   0.0    0.0    0.0  990.0   1     1    2   0.0    0.0  250.0  750.0   1    12   
#22  1   0.0    0.0    0.0  990.0   1     1    2   0.0    0.0  250.0  750.0   1    11   
#23  1   0.0    0.0    0.0  990.0   1     1    2   0.0    0.0  250.0  750.0   1    31   
#24  1   0.0    0.0    0.0  990.0   1     1    2   0.0    0.0  250.0  750.0   1    21   
#25  1   0.0    0.0    0.0  990.0   1     1    2   0.0    0.0  250.0  750.0   1    21   
#26  1   0.0    0.0    0.0  990.0   1     1    2   0.0    0.0  250.0  750.0   1    31   
#27  1   0.0    0.0    0.0  990.0   1     1    2   0.0    0.0  250.0  750.0   1    32   
#28  1   0.0    0.0    0.0  990.0   1     1    2   0.0    0.0  250.0  750.0   1    12   
#29  1   0.0    0.0    0.0  990.0   1     1    2   0.0    0.0  250.0  750.0   1    13   
#30  1   0.0    0.0    0.0  990.0   1     1    2   0.0    0.0  250.0  750.0   1    13   
#31  1   0.0    0.0    0.0  990.0   1     1    2   0.0    0.0  250.0  750.0   1    33   
#32  1   0.0    0.0    0.0  990.0   1     1    2   0.0    0.0  250.0  750.0   1    31   
#33  1   0.0    0.0    0.0  990.0   1     1    2   0.0    0.0  250.0  750.0   1    22   
#34  1   0.0    0.0    0.0  990.0   1     1    2   0.0    0.0  250.0  750.0   1    22   
#35  1   0.0    0.0    0.0  990.0   1     1    2   0.0    0.0  250.0  750.0   1    21   
#36  1   0.0    0.0    0.0  990.0   1     1    2   0.0    0.0  250.0  750.0   1    23   
#37  1   0.0    0.0    0.0  990.0   1     1    2   0.0    0.0  250.0  750.0   1    22   
#38  1   0.0    0.0    0.0  990.0   1     1    2   0.0    0.0  250.0  750.0   1    11   
#39  1   0.0    0.0    0.0  990.0   1     1    2   0.0    0.0  250.0  750.0   1    21   
#40  1   0.0    0.0    0.0  990.0   1     1    2   0.0    0.0  250.0  750.0   1    13   
#41  1   0.0    0.0    0.0  990.0   1     1    2   0.0    0.0  250.0  750.0   1    32   
#42  1   0.0    0.0    0.0  990.0   1     1    2   0.0    0.0  250.0  750.0   1    13   
#43  1   0.0    0.0    0.0  990.0   1     1    2   0.0    0.0  250.0  750.0   1    21   
#44  1   0.0    0.0    0.0  990.0   1     1    2   0.0    0.0  250.0  750.0   1    22   
#45  1   0.0    0.0    0.0  990.0   1     1    2   0.0    0.0  250.0  750.0   1    23   
#46  1   0.0    0.0    0.0  990.0   1     1    2   0.0    0.0  250.0  750.0   1    12   
#47  1   0.0    0.0    0.0  990.0   1     1    2   0.0    0.0  250.0  750.0   1    31   
#48  1   0.0    0.0    0.0  990.0   1     1    2   0.0    0.0  250.0  750.0   1    32   
#49  1   0.0    0.0    0.0  990.0   1     1    2   0.0    0.0  250.0  750.0   1    32   
#50  1   0.0    0.0    0.0  990.0   1     1    2   0.0    0.0  250.0  750.0   1    23   
#51  1   0.0    0.0    0.0  990.0   1     1    2   0.0    0.0  250.0  750.0   1    23   
#52  1   0.0    0.0    0.0  990.0   1     1    2   0.0    0.0  250.0  750.0   1    32   
#53  1   0.0    0.0    0.0  990.0   1     1    2   0.0    0.0  250.0  750.0   1    33   
