#Exp.ExpName  = gwnfix.xp
#Exp.Ntest    =        9
#Exp.Npresent =       10
#Exp.Ntarget  =        2

#Sig.Board    = Das16
#Sig.SigType  = Eh-S1-Ev-S2
#Sig.Fsample  =      500
#Sig.Nsample  =      500
#Sig.Nchannel =        4
#Sig.ExtTrig  =        0

Nr Mode    R   Phi    On     Off  Int Att Mode    R   Phi    On     Off  Int Att 
#1   1   0.0    0.0    0.0  990.0   1     1    2   0.0    0.0  250.0  750.0   1    33   
#2   1   0.0    0.0    0.0  990.0   1     1    2   0.0    0.0  250.0  750.0   1    32   
#3   1   0.0    0.0    0.0  990.0   1     1    2   0.0    0.0  250.0  750.0   1    22   
#4   1   0.0    0.0    0.0  990.0   1     1    2   0.0    0.0  250.0  750.0   1    12   
#5   1   0.0    0.0    0.0  990.0   1     1    2   0.0    0.0  250.0  750.0   1    22   
#6   1   0.0    0.0    0.0  990.0   1     1    2   0.0    0.0  250.0  750.0   1    22   
#7   1   0.0    0.0    0.0  990.0   1     1    2   0.0    0.0  250.0  750.0   1    12   
#8   1   0.0    0.0    0.0  990.0   1     1    2   0.0    0.0  250.0  750.0   1    32   
#9   1   0.0    0.0    0.0  990.0   1     1    2   0.0    0.0  250.0  750.0   1    22   
#10  1   0.0    0.0    0.0  990.0   1     1    2   0.0    0.0  250.0  750.0   1    22   
#11  1   0.0    0.0    0.0  990.0   1     1    2   0.0    0.0  250.0  750.0   1    33   
#12  1   0.0    0.0    0.0  990.0   1     1    2   0.0    0.0  250.0  750.0   1    22   
#13  1   0.0    0.0    0.0  990.0   1     1    2   0.0    0.0  250.0  750.0   1    21   
#14  1   0.0    0.0    0.0  990.0   1     1    2   0.0    0.0  250.0  750.0   1    23   
#15  1   0.0    0.0    0.0  990.0   1     1    2   0.0    0.0  250.0  750.0   1    23   
#16  1   0.0    0.0    0.0  990.0   1     1    2   0.0    0.0  250.0  750.0   1    23   
#17  1   0.0    0.0    0.0  990.0   1     1    2   0.0    0.0  250.0  750.0   1    32   
#18  1   0.0    0.0    0.0  990.0   1     1    2   0.0    0.0  250.0  750.0   1    21   
#19  1   0.0    0.0    0.0  990.0   1     1    2   0.0    0.0  250.0  750.0   1    31   
#20  1   0.0    0.0    0.0  990.0   1     1    2   0.0    0.0  250.0  750.0   1    31   
#21  1   0.0    0.0    0.0  990.0   1     1    2   0.0    0.0  250.0  750.0   1    23   
#22  1   0.0    0.0    0.0  990.0   1     1    2   0.0    0.0  250.0  750.0   1    21   
#23  1   0.0    0.0    0.0  990.0   1     1    2   0.0    0.0  250.0  750.0   1    21   
#24  1   0.0    0.0    0.0  990.0   1     1    2   0.0    0.0  250.0  750.0   1    22   
#25  1   0.0    0.0    0.0  990.0   1     1    2   0.0    0.0  250.0  750.0   1    31   
#26  1   0.0    0.0    0.0  990.0   1     1    2   0.0    0.0  250.0  750.0   1    32   
#27  1   0.0    0.0    0.0  990.0   1     1    2   0.0    0.0  250.0  750.0   1    11   
#28  1   0.0    0.0    0.0  990.0   1     1    2   0.0    0.0  250.0  750.0   1    13   
#29  1   0.0    0.0    0.0  990.0   1     1    2   0.0    0.0  250.0  750.0   1    23   
#30  1   0.0    0.0    0.0  990.0   1     1    2   0.0    0.0  250.0  750.0   1    13   
#31  1   0.0    0.0    0.0  990.0   1     1    2   0.0    0.0  250.0  750.0   1    12   
#32  1   0.0    0.0    0.0  990.0   1     1    2   0.0    0.0  250.0  750.0   1    21   
#33  1   0.0    0.0    0.0  990.0   1     1    2   0.0    0.0  250.0  750.0   1    22   
#34  1   0.0    0.0    0.0  990.0   1     1    2   0.0    0.0  250.0  750.0   1    32   
#35  1   0.0    0.0    0.0  990.0   1     1    2   0.0    0.0  250.0  750.0   1    13   
#36  1   0.0    0.0    0.0  990.0   1     1    2   0.0    0.0  250.0  750.0   1    11   
#37  1   0.0    0.0    0.0  990.0   1     1    2   0.0    0.0  250.0  750.0   1    12   
#38  1   0.0    0.0    0.0  990.0   1     1    2   0.0    0.0  250.0  750.0   1    13   
#39  1   0.0    0.0    0.0  990.0   1     1    2   0.0    0.0  250.0  750.0   1    13   
#40  1   0.0    0.0    0.0  990.0   1     1    2   0.0    0.0  250.0  750.0   1    32   
#41  1   0.0    0.0    0.0  990.0   1     1    2   0.0    0.0  250.0  750.0   1    33   
#42  1   0.0    0.0    0.0  990.0   1     1    2   0.0    0.0  250.0  750.0   1    33   
#43  1   0.0    0.0    0.0  990.0   1     1    2   0.0    0.0  250.0  750.0   1    13   
#44  1   0.0    0.0    0.0  990.0   1     1    2   0.0    0.0  250.0  750.0   1    13   
#45  1   0.0    0.0    0.0  990.0   1     1    2   0.0    0.0  250.0  750.0   1    33   
#46  1   0.0    0.0    0.0  990.0   1     1    2   0.0    0.0  250.0  750.0   1    23   
#47  1   0.0    0.0    0.0  990.0   1     1    2   0.0    0.0  250.0  750.0   1    11   
#48  1   0.0    0.0    0.0  990.0   1     1    2   0.0    0.0  250.0  750.0   1    23   
#49  1   0.0    0.0    0.0  990.0   1     1    2   0.0    0.0  250.0  750.0   1    32   
#50  1   0.0    0.0    0.0  990.0   1     1    2   0.0    0.0  250.0  750.0   1    22   
#51  1   0.0    0.0    0.0  990.0   1     1    2   0.0    0.0  250.0  750.0   1    21   
#52  1   0.0    0.0    0.0  990.0   1     1    2   0.0    0.0  250.0  750.0   1    31   
#53  1   0.0    0.0    0.0  990.0   1     1    2   0.0    0.0  250.0  750.0   1    11   
#54  1   0.0    0.0    0.0  990.0   1     1    2   0.0    0.0  250.0  750.0   1    21   
#55  1   0.0    0.0    0.0  990.0   1     1    2   0.0    0.0  250.0  750.0   1    32   
#56  1   0.0    0.0    0.0  990.0   1     1    2   0.0    0.0  250.0  750.0   1    12   
#57  1   0.0    0.0    0.0  990.0   1     1    2   0.0    0.0  250.0  750.0   1    22   
#58  1   0.0    0.0    0.0  990.0   1     1    2   0.0    0.0  250.0  750.0   1    31   
#59  1   0.0    0.0    0.0  990.0   1     1    2   0.0    0.0  250.0  750.0   1    21   
#60  1   0.0    0.0    0.0  990.0   1     1    2   0.0    0.0  250.0  750.0   1    23   
#61  1   0.0    0.0    0.0  990.0   1     1    2   0.0    0.0  250.0  750.0   1    23   
#62  1   0.0    0.0    0.0  990.0   1     1    2   0.0    0.0  250.0  750.0   1    12   
#63  1   0.0    0.0    0.0  990.0   1     1    2   0.0    0.0  250.0  750.0   1    21   
#64  1   0.0    0.0    0.0  990.0   1     1    2   0.0    0.0  250.0  750.0   1    12   
#65  1   0.0    0.0    0.0  990.0   1     1    2   0.0    0.0  250.0  750.0   1    12   
#66  1   0.0    0.0    0.0  990.0   1     1    2   0.0    0.0  250.0  750.0   1    33   
#67  1   0.0    0.0    0.0  990.0   1     1    2   0.0    0.0  250.0  750.0   1    32   
#68  1   0.0    0.0    0.0  990.0   1     1    2   0.0    0.0  250.0  750.0   1    11   
#69  1   0.0    0.0    0.0  990.0   1     1    2   0.0    0.0  250.0  750.0   1    31   
#70  1   0.0    0.0    0.0  990.0   1     1    2   0.0    0.0  250.0  750.0   1    23   
#71  1   0.0    0.0    0.0  990.0   1     1    2   0.0    0.0  250.0  750.0   1    21   
#72  1   0.0    0.0    0.0  990.0   1     1    2   0.0    0.0  250.0  750.0   1    13   
#73  1   0.0    0.0    0.0  990.0   1     1    2   0.0    0.0  250.0  750.0   1    11   
#74  1   0.0    0.0    0.0  990.0   1     1    2   0.0    0.0  250.0  750.0   1    33   
#75  1   0.0    0.0    0.0  990.0   1     1    2   0.0    0.0  250.0  750.0   1    33   
#76  1   0.0    0.0    0.0  990.0   1     1    2   0.0    0.0  250.0  750.0   1    31   
#77  1   0.0    0.0    0.0  990.0   1     1    2   0.0    0.0  250.0  750.0   1    12   
#78  1   0.0    0.0    0.0  990.0   1     1    2   0.0    0.0  250.0  750.0   1    11   
#79  1   0.0    0.0    0.0  990.0   1     1    2   0.0    0.0  250.0  750.0   1    31   
#80  1   0.0    0.0    0.0  990.0   1     1    2   0.0    0.0  250.0  750.0   1    13   
#81  1   0.0    0.0    0.0  990.0   1     1    2   0.0    0.0  250.0  750.0   1    12   
#82  1   0.0    0.0    0.0  990.0   1     1    2   0.0    0.0  250.0  750.0   1    11   
#83  1   0.0    0.0    0.0  990.0   1     1    2   0.0    0.0  250.0  750.0   1    33   
#84  1   0.0    0.0    0.0  990.0   1     1    2   0.0    0.0  250.0  750.0   1    32   
#85  1   0.0    0.0    0.0  990.0   1     1    2   0.0    0.0  250.0  750.0   1    13   
#86  1   0.0    0.0    0.0  990.0   1     1    2   0.0    0.0  250.0  750.0   1    31   
#87  1   0.0    0.0    0.0  990.0   1     1    2   0.0    0.0  250.0  750.0   1    11   
#88  1   0.0    0.0    0.0  990.0   1     1    2   0.0    0.0  250.0  750.0   1    31   
#89  1   0.0    0.0    0.0  990.0   1     1    2   0.0    0.0  250.0  750.0   1    11   
#90  1   0.0    0.0    0.0  990.0   1     1    2   0.0    0.0  250.0  750.0   1    33   
