#Exp.ExpName  = gwneye
#Exp.Ntest    =       39
#Exp.Npresent =        1
#Exp.Ntarget  =        2

#Sig.Board    = Das16
#Sig.SigType  = Eh-S1-Ev-S2
#Sig.Fsample  =      500
#Sig.Nsample  =     1000
#Sig.Nbuffer  =        1
#Sig.Nchannel =        4
#Sig.ExtTrig  =        0

Nr Mode    R   Phi    On     Off  Int Att Mode    R   Phi    On     Off  Int Att 
#1    0   9.0   0.0 -250.0 1000.0  1    1    2   0.0   0.0  250.0  750.0  1   31   
#2    0   9.0   0.0 -250.0 1000.0  1    1    2   0.0   0.0  250.0  750.0  1   11   
#3    0   9.0  60.0 -250.0 1000.0  1    1    2   0.0   0.0  250.0  750.0  1   11   
#4    0  20.0  60.0 -250.0 1000.0  1    1    2   0.0   0.0  250.0  750.0  1   31   
#5    0  20.0 180.0 -250.0 1000.0  1    1    2   0.0   0.0  250.0  750.0  1   31   
#6    0  20.0 120.0 -250.0 1000.0  1    1    2   0.0   0.0  250.0  750.0  1   11   
#7    0   9.0 180.0 -250.0 1000.0  1    1    2   0.0   0.0  250.0  750.0  1   11   
#8    0   9.0   0.0 -250.0 1000.0  1    1    2   0.0   0.0  250.0  750.0  1   21   
#9    0   0.0 300.0 -250.0 1000.0  1    1    2   0.0   0.0  250.0  750.0  1   21   
#10   0   9.0  60.0 -250.0 1000.0  1    1    2   0.0   0.0  250.0  750.0  1   21   
#11   0   9.0 300.0 -250.0 1000.0  1    1    2   0.0   0.0  250.0  750.0  1   21   
#12   0   9.0 180.0 -250.0 1000.0  1    1    2   0.0   0.0  250.0  750.0  1   21   
#13   0   0.0 300.0 -250.0 1000.0  1    1    2   0.0   0.0  252.0  750.0  1   11   
#14   0  20.0   0.0 -250.0 1000.0  1    1    2   0.0   0.0  250.0  750.0  1   21   
#15   0  20.0 300.0 -250.0 1000.0  1    1    2   0.0   0.0  256.0  750.0  1   31   
#16   0  20.0  60.0 -250.0 1000.0  1    1    2   0.0   0.0  250.0  750.0  1   11   
#17   0   0.0 300.0 -250.0 1000.0  1    1    2   0.0   0.0  250.0  750.0  1   31   
#18   0   9.0 240.0 -250.0 1000.0  1    1    2   0.0   0.0  250.0  750.0  1   21   
#19   0   9.0 180.0 -250.0 1000.0  1    1    2   0.0   0.0  250.0  750.0  1   31   
#20   0  20.0 240.0 -250.0 1000.0  1    1    2   0.0   0.0  250.0  750.0  1   11   
#21   0  20.0 120.0 -250.0 1000.0  1    1    2   0.0   0.0  250.0  750.0  1   31   
#22   0   9.0 240.0 -250.0 1000.0  1    1    2   0.0   0.0  250.0  750.0  1   11   
#23   0  20.0 240.0 -250.0 1000.0  1    1    2   0.0   0.0  250.0  750.0  1   21   
#24   0   9.0 300.0 -250.0 1000.0  1    1    2   0.0   0.0  250.0  750.0  1   31   
#25   0  20.0   0.0 -250.0 1000.0  1    1    2   0.0   0.0  250.0  750.0  1   31   
#26   0   9.0 120.0 -250.0 1000.0  1    1    2   0.0   0.0  250.0  750.0  1   21   
#27   0  20.0 300.0 -250.0 1000.0  1    1    2   0.0   0.0  250.0  750.0  1   21   
#28   0  20.0   0.0 -250.0 1000.0  1    1    2   0.0   0.0  250.0  750.0  1   11   
#29   0   9.0 120.0 -250.0 1000.0  1    1    2   0.0   0.0  250.0  750.0  1   31   
#30   0  20.0 120.0 -250.0 1000.0  1    1    2   0.0   0.0  250.0  750.0  1   21   
#31   0   9.0 240.0 -250.0 1000.0  1    1    2   0.0   0.0  250.0  750.0  1   31   
#32   0  20.0 180.0 -250.0 1000.0  1    1    2   0.0   0.0  250.0  750.0  1   21   
#33   0  20.0 240.0 -250.0 1000.0  1    1    2   0.0   0.0  250.0  750.0  1   31   
#34   0   9.0 300.0 -250.0 1000.0  1    1    2   0.0   0.0  250.0  750.0  1   11   
#35   0   9.0 120.0 -250.0 1000.0  1    1    2   0.0   0.0  250.0  750.0  1   11   
#36   0  20.0 180.0 -250.0 1000.0  1    1    2   0.0   0.0  250.0  750.0  1   11   
#37   0   9.0  60.0 -250.0 1000.0  1    1    2   0.0   0.0  250.0  750.0  1   31   
#38   0  20.0  60.0 -250.0 1000.0  1    1    2   0.0   0.0  250.0  750.0  1   21   
#39   0  20.0 300.0 -250.0 1000.0  1    1    2   0.0   0.0  250.0  750.0  1   11   
